TN:
SF:C:\Users\bikongar\Desktop\Assignment\tv-shows\src\app.vue
FNF:0
FNH:0
DA:10,1
LF:1
LH:1
BRF:0
BRH:0
end_of_record
TN:
SF:C:\Users\bikongar\Desktop\Assignment\tv-shows\src\components\dashboard.vue
FN:49,(anonymous_1)
FN:55,(anonymous_2)
FN:59,(anonymous_3)
FNF:3
FNH:3
FNDA:3,(anonymous_1)
FNDA:3,(anonymous_2)
FNDA:3,(anonymous_3)
DA:37,2
DA:50,3
DA:56,3
DA:60,3
LF:4
LH:4
BRF:0
BRH:0
end_of_record
TN:
SF:C:\Users\bikongar\Desktop\Assignment\tv-shows\src\components\detailsOfShow.vue
FN:78,(anonymous_1)
FN:82,(anonymous_2)
FN:86,(anonymous_3)
FNF:3
FNH:2
FNDA:2,(anonymous_1)
FNDA:2,(anonymous_2)
FNDA:0,(anonymous_3)
DA:79,2
DA:83,2
DA:87,0
LF:3
LH:2
BRF:0
BRH:0
end_of_record
TN:
SF:C:\Users\bikongar\Desktop\Assignment\tv-shows\src\components\filterList.vue
FN:42,(anonymous_1)
FN:47,(anonymous_2)
FNF:2
FNH:1
FNDA:1,(anonymous_1)
FNDA:0,(anonymous_2)
DA:43,1
DA:48,0
LF:2
LH:1
BRF:0
BRH:0
end_of_record
TN:
SF:C:\Users\bikongar\Desktop\Assignment\tv-shows\src\components\header.vue
FN:29,(anonymous_1)
FN:36,(anonymous_2)
FN:41,(anonymous_3)
FN:46,(anonymous_4)
FN:51,(anonymous_5)
FNF:5
FNH:3
FNDA:2,(anonymous_1)
FNDA:2,(anonymous_2)
FNDA:0,(anonymous_3)
FNDA:0,(anonymous_4)
FNDA:2,(anonymous_5)
DA:30,2
DA:37,2
DA:42,0
DA:47,0
DA:48,0
DA:52,2
DA:53,2
DA:54,2
LF:8
LH:5
BRDA:47,0,0,0
BRDA:47,0,1,0
BRDA:48,1,0,0
BRDA:48,1,1,0
BRDA:53,2,0,2
BRDA:53,2,1,0
BRF:6
BRH:1
end_of_record
TN:
SF:C:\Users\bikongar\Desktop\Assignment\tv-shows\src\components\searchShow.vue
FN:42,(anonymous_1)
FN:46,(anonymous_2)
FN:50,(anonymous_3)
FNF:3
FNH:2
FNDA:1,(anonymous_1)
FNDA:1,(anonymous_2)
FNDA:0,(anonymous_3)
DA:43,1
DA:47,1
DA:51,0
LF:3
LH:2
BRF:0
BRH:0
end_of_record
TN:
SF:C:\Users\bikongar\Desktop\Assignment\tv-shows\src\services\tvShowsApi.js
FN:5,getListOfShows
FN:10,getShowsBasedOnsearch
FN:15,getShowDetailsBasedOnId
FNF:3
FNH:3
FNDA:1,getListOfShows
FNDA:1,getShowsBasedOnsearch
FNDA:1,getShowDetailsBasedOnId
DA:3,2
DA:6,1
DA:7,1
DA:11,1
DA:12,1
DA:16,1
DA:17,1
LF:7
LH:7
BRF:0
BRH:0
end_of_record
TN:
SF:C:\Users\bikongar\Desktop\Assignment\tv-shows\src\store\index.js
FN:13,(anonymous_0)
FN:16,(anonymous_1)
FN:19,(anonymous_2)
FN:25,(anonymous_3)
FN:27,(anonymous_4)
FN:30,(anonymous_5)
FN:35,(anonymous_6)
FN:37,(anonymous_7)
FN:40,(anonymous_8)
FN:45,(anonymous_9)
FN:47,(anonymous_10)
FN:50,(anonymous_11)
FN:57,(anonymous_12)
FN:60,(anonymous_13)
FN:63,(anonymous_14)
FN:66,(anonymous_15)
FN:66,(anonymous_16)
FN:69,(anonymous_17)
FN:75,(anonymous_18)
FN:80,(anonymous_19)
FN:83,(anonymous_20)
FNF:21
FNH:18
FNDA:4,(anonymous_0)
FNDA:2,(anonymous_1)
FNDA:2,(anonymous_2)
FNDA:1,(anonymous_3)
FNDA:1,(anonymous_4)
FNDA:0,(anonymous_5)
FNDA:1,(anonymous_6)
FNDA:1,(anonymous_7)
FNDA:0,(anonymous_8)
FNDA:1,(anonymous_9)
FNDA:1,(anonymous_10)
FNDA:0,(anonymous_11)
FNDA:1,(anonymous_12)
FNDA:1,(anonymous_13)
FNDA:1,(anonymous_14)
FNDA:2,(anonymous_15)
FNDA:2,(anonymous_16)
FNDA:2,(anonymous_17)
FNDA:3,(anonymous_18)
FNDA:1,(anonymous_19)
FNDA:3,(anonymous_20)
DA:4,1
DA:6,1
DA:12,1
DA:14,4
DA:17,2
DA:20,2
DA:24,1
DA:26,1
DA:28,1
DA:31,0
DA:36,1
DA:38,1
DA:41,0
DA:46,1
DA:48,1
DA:51,0
DA:56,1
DA:58,1
DA:61,1
DA:64,1
DA:66,2
DA:67,2
DA:68,2
DA:69,1
DA:70,2
DA:72,1
DA:75,1
DA:76,3
DA:81,1
DA:82,1
DA:83,3
DA:84,1
DA:88,1
LF:33
LH:30
BRDA:68,0,0,1
BRDA:68,0,1,1
BRF:2
BRH:2
end_of_record
TN:
SF:C:\Users\bikongar\Desktop\Assignment\tv-shows\src\views\dashboard.vue
FNF:0
FNH:0
DA:11,1
LF:1
LH:1
BRF:0
BRH:0
end_of_record
TN:
SF:C:\Users\bikongar\Desktop\Assignment\tv-shows\src\views\detailsOfShow.vue
FNF:0
FNH:0
DA:7,1
LF:1
LH:1
BRF:0
BRH:0
end_of_record
